<?xml version="1.0" encoding="UTF-8"?>
<testsuite name="com.example.project.TestTriangle" tests="8" skipped="0" failures="0" errors="0" timestamp="2020-10-15T13:39:24" hostname="Georgies-MacBook-Pro.local" time="0.071">
  <properties/>
  <testcase name="testNullConstructor()" classname="com.example.project.TestTriangle" time="0.026"/>
  <testcase name="testNullArea()" classname="com.example.project.TestTriangle" time="0.001"/>
  <testcase name="testArea()" classname="com.example.project.TestTriangle" time="0.006"/>
  <testcase name="testNullPerimeter()" classname="com.example.project.TestTriangle" time="0.006"/>
  <testcase name="testPerimeter()" classname="com.example.project.TestTriangle" time="0.002"/>
  <testcase name="testTranslateX()" classname="com.example.project.TestTriangle" time="0.004"/>
  <testcase name="testTranslateY()" classname="com.example.project.TestTriangle" time="0.005"/>
  <testcase name="testDefaultConstructor()" classname="com.example.project.TestTriangle" time="0.004"/>
  <system-out><![CDATA[Checking if constructing with no parameters yields correct triangle coordinates - passed
testing area of degenerate triangle - passed
testing area of basic right triangle - passed
testing perimeter of degenerate triangle - passed
testing perimeter of basic right triangle - passed
testing translateX - passed
testing translateY - passed
Checking that parameters correspond to correct instance variables in constructor - passed
]]></system-out>
  <system-err><![CDATA[]]></system-err>
</testsuite>
